# JRE version: Java(TM) SE Runtime Environment (8.0_31-b13) (build 1.8.0_31-b13)
# Java VM: Java HotSpot(TM) 64-Bit Server VM (25.31-b07 mixed mode windows-amd64 compressed oops)
Heap:
 PSYoungGen      total 228352K, used 189826K [0x00000000d6980000, 0x00000000e8180000, 0x0000000100000000)
  eden space 208896K, 84% used [0x00000000d6980000,0x00000000e16c3d70,0x00000000e3580000)
  from space 19456K, 63% used [0x00000000e3580000,0x00000000e419cac0,0x00000000e4880000)
  to   space 19456K, 0% used [0x00000000e6e80000,0x00000000e6e80000,0x00000000e8180000)
 ParOldGen       total 166912K, used 48597K [0x0000000083c00000, 0x000000008df00000, 0x00000000d6980000)
  object space 166912K, 29% used [0x0000000083c00000,0x0000000086b757c8,0x000000008df00000)
 Metaspace       used 70160K, capacity 72732K, committed 72856K, reserved 1114112K
  class space    used 8381K, capacity 8830K, committed 8856K, reserved 1048576K
GC Heap History (10 events):
Event: 5.168 GC heap before
{Heap before GC invocations=10 (full 2):
 PSYoungGen      total 150016K, used 131072K [0x00000000d6980000, 0x00000000e5080000, 0x0000000100000000)
  eden space 131072K, 100% used [0x00000000d6980000,0x00000000de980000,0x00000000de980000)
  from space 18944K, 0% used [0x00000000de980000,0x00000000de980000,0x00000000dfc00000)
  to   space 17920K, 0% used [0x00000000e3f00000,0x00000000e3f00000,0x00000000e5080000)
 ParOldGen       total 128512K, used 41046K [0x0000000083c00000, 0x000000008b980000, 0x00000000d6980000)
  object space 128512K, 31% used [0x0000000083c00000,0x0000000086415950,0x000000008b980000)
 Metaspace       used 42120K, capacity 43640K, committed 43816K, reserved 1087488K
  class space    used 5301K, capacity 5634K, committed 5672K, reserved 1048576K
Event: 5.177 GC heap after
Heap after GC invocations=10 (full 2):
 PSYoungGen      total 186880K, used 9764K [0x00000000d6980000, 0x00000000e4900000, 0x0000000100000000)
  eden space 176640K, 0% used [0x00000000d6980000,0x00000000d6980000,0x00000000e1600000)
  from space 10240K, 95% used [0x00000000e3f00000,0x00000000e4889330,0x00000000e4900000)
  to   space 17408K, 0% used [0x00000000e2700000,0x00000000e2700000,0x00000000e3800000)
 ParOldGen       total 128512K, used 41054K [0x0000000083c00000, 0x000000008b980000, 0x00000000d6980000)
  object space 128512K, 31% used [0x0000000083c00000,0x0000000086417950,0x000000008b980000)
 Metaspace       used 42120K, capacity 43640K, committed 43816K, reserved 1087488K
  class space    used 5301K, capacity 5634K, committed 5672K, reserved 1048576K
}
Event: 6.634 GC heap before
{Heap before GC invocations=11 (full 2):
 PSYoungGen      total 186880K, used 186404K [0x00000000d6980000, 0x00000000e4900000, 0x0000000100000000)
  eden space 176640K, 100% used [0x00000000d6980000,0x00000000e1600000,0x00000000e1600000)
  from space 10240K, 95% used [0x00000000e3f00000,0x00000000e4889330,0x00000000e4900000)
  to   space 17408K, 0% used [0x00000000e2700000,0x00000000e2700000,0x00000000e3800000)
 ParOldGen       total 128512K, used 41054K [0x0000000083c00000, 0x000000008b980000, 0x00000000d6980000)
  object space 128512K, 31% used [0x0000000083c00000,0x0000000086417950,0x000000008b980000)
 Metaspace       used 56502K, capacity 58320K, committed 58536K, reserved 1099776K
  class space    used 6954K, capacity 7324K, committed 7336K, reserved 1048576K
Event: 6.646 GC heap after
Heap after GC invocations=11 (full 2):
 PSYoungGen      total 211456K, used 17383K [0x00000000d6980000, 0x00000000e5c00000, 0x0000000100000000)
  eden space 194048K, 0% used [0x00000000d6980000,0x00000000d6980000,0x00000000e2700000)
  from space 17408K, 99% used [0x00000000e2700000,0x00000000e37f9f58,0x00000000e3800000)
  to   space 19968K, 0% used [0x00000000e4880000,0x00000000e4880000,0x00000000e5c00000)
 ParOldGen       total 128512K, used 42101K [0x0000000083c00000, 0x000000008b980000, 0x00000000d6980000)
  object space 128512K, 32% used [0x0000000083c00000,0x000000008651d498,0x000000008b980000)
 Metaspace       used 56502K, capacity 58320K, committed 58536K, reserved 1099776K
  class space    used 6954K, capacity 7324K, committed 7336K, reserved 1048576K
}
Event: 6.932 GC heap before
{Heap before GC invocations=12 (full 2):
 PSYoungGen      total 211456K, used 80473K [0x00000000d6980000, 0x00000000e5c00000, 0x0000000100000000)
  eden space 194048K, 32% used [0x00000000d6980000,0x00000000da71c590,0x00000000e2700000)
  from space 17408K, 99% used [0x00000000e2700000,0x00000000e37f9f58,0x00000000e3800000)
  to   space 19968K, 0% used [0x00000000e4880000,0x00000000e4880000,0x00000000e5c00000)
 ParOldGen       total 128512K, used 42101K [0x0000000083c00000, 0x000000008b980000, 0x00000000d6980000)
  object space 128512K, 32% used [0x0000000083c00000,0x000000008651d498,0x000000008b980000)
 Metaspace       used 57213K, capacity 59010K, committed 59160K, reserved 1101824K
  class space    used 6992K, capacity 7359K, committed 7448K, reserved 1048576K
Event: 6.942 GC heap after
Heap after GC invocations=12 (full 2):
 PSYoungGen      total 228864K, used 13072K [0x00000000d6980000, 0x00000000e7000000, 0x0000000100000000)
  eden space 208896K, 0% used [0x00000000d6980000,0x00000000d6980000,0x00000000e3580000)
  from space 19968K, 65% used [0x00000000e4880000,0x00000000e5544280,0x00000000e5c00000)
  to   space 19456K, 0% used [0x00000000e3580000,0x00000000e3580000,0x00000000e4880000)
 ParOldGen       total 128512K, used 42109K [0x0000000083c00000, 0x000000008b980000, 0x00000000d6980000)
  object space 128512K, 32% used [0x0000000083c00000,0x000000008651f498,0x000000008b980000)
 Metaspace       used 57213K, capacity 59010K, committed 59160K, reserved 1101824K
  class space    used 6992K, capacity 7359K, committed 7448K, reserved 1048576K
}
Event: 6.942 GC heap before
{Heap before GC invocations=13 (full 3):
 PSYoungGen      total 228864K, used 13072K [0x00000000d6980000, 0x00000000e7000000, 0x0000000100000000)
  eden space 208896K, 0% used [0x00000000d6980000,0x00000000d6980000,0x00000000e3580000)
  from space 19968K, 65% used [0x00000000e4880000,0x00000000e5544280,0x00000000e5c00000)
  to   space 19456K, 0% used [0x00000000e3580000,0x00000000e3580000,0x00000000e4880000)
 ParOldGen       total 128512K, used 42109K [0x0000000083c00000, 0x000000008b980000, 0x00000000d6980000)
  object space 128512K, 32% used [0x0000000083c00000,0x000000008651f498,0x000000008b980000)
 Metaspace       used 57213K, capacity 59010K, committed 59160K, reserved 1101824K
  class space    used 6992K, capacity 7359K, committed 7448K, reserved 1048576K
Event: 7.156 GC heap after
Heap after GC invocations=13 (full 3):
 PSYoungGen      total 228864K, used 0K [0x00000000d6980000, 0x00000000e7000000, 0x0000000100000000)
  eden space 208896K, 0% used [0x00000000d6980000,0x00000000d6980000,0x00000000e3580000)
  from space 19968K, 0% used [0x00000000e4880000,0x00000000e4880000,0x00000000e5c00000)
  to   space 19456K, 0% used [0x00000000e3580000,0x00000000e3580000,0x00000000e4880000)
 ParOldGen       total 166912K, used 48589K [0x0000000083c00000, 0x000000008df00000, 0x00000000d6980000)
  object space 166912K, 29% used [0x0000000083c00000,0x0000000086b737c8,0x000000008df00000)
 Metaspace       used 57213K, capacity 59010K, committed 59160K, reserved 1101824K
  class space    used 6992K, capacity 7359K, committed 7448K, reserved 1048576K
}
Event: 9.767 GC heap before
{Heap before GC invocations=14 (full 3):
 PSYoungGen      total 228864K, used 208896K [0x00000000d6980000, 0x00000000e7000000, 0x0000000100000000)
  eden space 208896K, 100% used [0x00000000d6980000,0x00000000e3580000,0x00000000e3580000)
  from space 19968K, 0% used [0x00000000e4880000,0x00000000e4880000,0x00000000e5c00000)
  to   space 19456K, 0% used [0x00000000e3580000,0x00000000e3580000,0x00000000e4880000)
 ParOldGen       total 166912K, used 48589K [0x0000000083c00000, 0x000000008df00000, 0x00000000d6980000)
  object space 166912K, 29% used [0x0000000083c00000,0x0000000086b737c8,0x000000008df00000)
 Metaspace       used 65047K, capacity 67272K, committed 67352K, reserved 1107968K
  class space    used 7787K, capacity 8200K, committed 8216K, reserved 1048576K
Event: 9.861 GC heap after
Heap after GC invocations=14 (full 3):
 PSYoungGen      total 228352K, used 12402K [0x00000000d6980000, 0x00000000e8180000, 0x0000000100000000)
  eden space 208896K, 0% used [0x00000000d6980000,0x00000000d6980000,0x00000000e3580000)
  from space 19456K, 63% used [0x00000000e3580000,0x00000000e419cac0,0x00000000e4880000)
  to   space 19456K, 0% used [0x00000000e6e80000,0x00000000e6e80000,0x00000000e8180000)
 ParOldGen       total 166912K, used 48597K [0x0000000083c00000, 0x000000008df00000, 0x00000000d6980000)
  object space 166912K, 29% used [0x0000000083c00000,0x0000000086b757c8,0x000000008df00000)
 Metaspace       used 65047K, capacity 67272K, committed 67352K, reserved 1107968K
  class space    used 7787K, capacity 8200K, committed 8216K, reserved 1048576K
}

